[ 2026-05-20 03:00:02,131 ] 42 root - INFO - Start data Ingestion
[ 2026-05-20 03:00:39,534 ] 72 root - INFO - Performed train test split
[ 2026-05-20 03:00:39,534 ] 73 root - INFO - Exited split_data_as_train_test_s
[ 2026-05-20 03:00:39,535 ] 77 root - INFO - Exporting train and test file path.
[ 2026-05-20 03:00:39,591 ] 87 root - INFO - Exported train and test file path
[ 2026-05-20 03:00:39,591 ] 45 root - INFO - Data Ingestion completed and artifact: DataIngestionArtifact(trained_file_path='Artifacts\\05_20_2026_02_59_34\\data_ingestion\\ingested\\train.csv', test_file_path='Artifacts\\05_20_2026_02_59_34\\data_ingestion\\ingested\\test.csv')
[ 2026-05-20 03:00:39,603 ] 55 root - INFO - Initiate the data Validation
[ 2026-05-20 03:00:39,669 ] 38 root - INFO - Required number of columns:2
[ 2026-05-20 03:00:39,670 ] 39 root - INFO - Data frame has columns:31
[ 2026-05-20 03:00:39,670 ] 38 root - INFO - Required number of columns:2
[ 2026-05-20 03:00:39,670 ] 39 root - INFO - Data frame has columns:31
[ 2026-05-20 03:00:39,878 ] 67 root - INFO - Entered initiate_data_transformation method of DataTransformation class
[ 2026-05-20 03:00:39,878 ] 69 root - INFO - Starting data transformation
[ 2026-05-20 03:00:39,905 ] 45 root - INFO - Entered get_data_transformer_object method of Transformation class
[ 2026-05-20 03:00:39,905 ] 52 root - INFO - Initialise KNNImputer with {'missing_values': nan, 'n_neighbors': 3, 'weights': 'uniform'}
[ 2026-05-20 03:00:39,918 ] 61 root - INFO - Entered the save_object method of MainUtils class
[ 2026-05-20 03:00:39,920 ] 65 root - INFO - Exited the save_object method of MainUtils class
[ 2026-05-20 03:00:39,920 ] 61 root - INFO - Entered the save_object method of MainUtils class
[ 2026-05-20 03:00:39,923 ] 65 root - INFO - Exited the save_object method of MainUtils class
[ 2026-05-20 03:04:01,112 ] 61 root - INFO - Entered the save_object method of MainUtils class
[ 2026-05-20 03:04:01,112 ] 65 root - INFO - Exited the save_object method of MainUtils class
[ 2026-05-20 03:04:01,112 ] 61 root - INFO - Entered the save_object method of MainUtils class
[ 2026-05-20 03:04:01,145 ] 65 root - INFO - Exited the save_object method of MainUtils class
[ 2026-05-20 03:04:01,145 ] 147 root - INFO - Model trainer artifact: ModelTrainerArtifact(trained_model_file_path='Artifacts\\05_20_2026_02_59_34\\model_trainer\\trained_model\\model.pkl', train_metric_artifact=ClassificationMetricArtifact(f1_score=0.9911111111111112, precision_score=0.9889135254988913, recall_score=0.9933184855233853), test_metric_artifact=ClassificationMetricArtifact(f1_score=0.9774866966844045, precision_score=0.9746938775510204, recall_score=0.9802955665024631))
[ 2026-05-20 03:07:03,859 ] 42 root - INFO - Start data Ingestion
[ 2026-05-20 03:07:35,091 ] 72 root - INFO - Performed train test split
[ 2026-05-20 03:07:35,091 ] 73 root - INFO - Exited split_data_as_train_test_s
[ 2026-05-20 03:07:35,091 ] 77 root - INFO - Exporting train and test file path.
[ 2026-05-20 03:07:35,133 ] 87 root - INFO - Exported train and test file path
[ 2026-05-20 03:07:35,133 ] 45 root - INFO - Data Ingestion completed and artifact: DataIngestionArtifact(trained_file_path='Artifacts\\05_20_2026_02_59_34\\data_ingestion\\ingested\\train.csv', test_file_path='Artifacts\\05_20_2026_02_59_34\\data_ingestion\\ingested\\test.csv')
[ 2026-05-20 03:07:35,140 ] 55 root - INFO - Initiate the data Validation
[ 2026-05-20 03:07:35,183 ] 38 root - INFO - Required number of columns:2
[ 2026-05-20 03:07:35,183 ] 39 root - INFO - Data frame has columns:31
[ 2026-05-20 03:07:35,183 ] 38 root - INFO - Required number of columns:2
[ 2026-05-20 03:07:35,183 ] 39 root - INFO - Data frame has columns:31
[ 2026-05-20 03:07:35,329 ] 67 root - INFO - Entered initiate_data_transformation method of DataTransformation class
[ 2026-05-20 03:07:35,329 ] 69 root - INFO - Starting data transformation
[ 2026-05-20 03:07:35,352 ] 45 root - INFO - Entered get_data_transformer_object method of Transformation class
[ 2026-05-20 03:07:35,353 ] 52 root - INFO - Initialise KNNImputer with {'missing_values': nan, 'n_neighbors': 3, 'weights': 'uniform'}
[ 2026-05-20 03:07:35,370 ] 61 root - INFO - Entered the save_object method of MainUtils class
[ 2026-05-20 03:07:35,373 ] 65 root - INFO - Exited the save_object method of MainUtils class
[ 2026-05-20 03:07:35,373 ] 61 root - INFO - Entered the save_object method of MainUtils class
[ 2026-05-20 03:07:35,378 ] 65 root - INFO - Exited the save_object method of MainUtils class
[ 2026-05-20 03:10:06,864 ] 61 root - INFO - Entered the save_object method of MainUtils class
[ 2026-05-20 03:10:06,865 ] 65 root - INFO - Exited the save_object method of MainUtils class
[ 2026-05-20 03:10:06,865 ] 61 root - INFO - Entered the save_object method of MainUtils class
[ 2026-05-20 03:10:06,900 ] 65 root - INFO - Exited the save_object method of MainUtils class
[ 2026-05-20 03:10:06,900 ] 147 root - INFO - Model trainer artifact: ModelTrainerArtifact(trained_model_file_path='Artifacts\\05_20_2026_02_59_34\\model_trainer\\trained_model\\model.pkl', train_metric_artifact=ClassificationMetricArtifact(f1_score=0.9914045909596522, precision_score=0.9903030303030304, recall_score=0.9925086049807653), test_metric_artifact=ClassificationMetricArtifact(f1_score=0.9715447154471545, precision_score=0.962157809983897, recall_score=0.9811165845648604))
